[2026-05-05 13:33:01] [INFO   ] clearlog: log history has been successfully cleared.
[2026-05-05 14:28:35] [SUCCESS] ls: successfully listed contents of '.'
[2026-05-05 14:28:41] [ERROR  ] convert: cannot convert a directory. please specify a file.
[2026-05-05 14:29:02] [ERROR  ] convert: source file does not exist: sada
[2026-05-05 14:37:53] [INFO   ] help: command information displayed.
[2026-05-05 14:38:02] [SUCCESS] ls: successfully listed contents of '.'
[2026-05-05 14:38:08] [SUCCESS] cd: successfully changed directory to 'C:\Users\ders\Downloads'
[2026-05-05 14:38:16] [SUCCESS] ls: successfully listed contents of '.'
[2026-05-05 14:38:23] [SUCCESS] cd: successfully changed directory to 'C:\Users\ders'
[2026-05-05 14:38:26] [SUCCESS] cd: successfully changed directory to 'C:\Users\ders\belgelerim'
[2026-05-05 22:11:54] [SUCCESS] ls: successfully listed contents of '.'
[2026-05-05 22:12:01] [SUCCESS] cd: successfully changed directory to 'C:\Users\ders\downloads'
[2026-05-05 22:12:02] [SUCCESS] ls: successfully listed contents of '.'
[2026-05-05 22:12:09] [SUCCESS] touch: created empty file 'deneme'
[2026-05-05 22:12:10] [SUCCESS] ls: successfully listed contents of '.'
[2026-05-05 22:12:13] [SUCCESS] open: file opened: deneme
[2026-05-05 22:12:23] [SUCCESS] rn: successfully renamed 'deneme' to 'deneme.txt'
[2026-05-05 22:12:28] [SUCCESS] open: file opened: deneme.txt
[2026-05-05 22:12:40] [SUCCESS] zip: successfully compressed to 'deneme.txt.zip'
[2026-05-05 22:12:42] [SUCCESS] ls: successfully listed contents of '.'
[2026-05-05 22:12:45] [SUCCESS] zip: successfully compressed to 'deneme.txt.zip'
[2026-05-05 22:12:47] [SUCCESS] ls: successfully listed contents of '.'
[2026-05-05 22:13:14] [ERROR  ] rm: cannot remove 'newFile': No such file or directory
[2026-05-05 22:13:25] [SUCCESS] rm: successfully processed removal of 'newFile.txt'
[2026-05-05 22:14:02] [SUCCESS] successfully decrypted target: 'newFile.txt.enc'
[2026-05-05 22:14:03] [SUCCESS] ls: successfully listed contents of '.'
[2026-05-05 22:14:09] [SUCCESS] open: file opened: newFile.txt
[2026-05-05 22:14:19] [SUCCESS] mkdir: created directory 'gizliklasör'
[2026-05-05 22:14:27] [SUCCESS] cd: successfully changed directory to 'C:\Users\ders\downloads\gizliklasör'
[2026-05-05 22:14:34] [SUCCESS] touch: created empty file 'a'
[2026-05-05 22:14:37] [SUCCESS] touch: created empty file 'b'
[2026-05-05 22:14:40] [SUCCESS] touch: created empty file 'c'
[2026-05-05 22:14:42] [SUCCESS] cd: successfully changed directory to 'C:\Users\ders\downloads'
[2026-05-05 22:15:33] [SUCCESS] successfully encrypted target: 'gizliklasör'
[2026-05-05 22:15:33] [SUCCESS] ls: successfully listed contents of '.'
[2026-05-05 22:29:49] [SUCCESS] cd: successfully changed directory to 'C:\Users\ders\downloads'
[2026-05-05 22:29:51] [SUCCESS] ls: successfully listed contents of '.'
[2026-05-05 22:30:01] [SUCCESS] rm: successfully processed removal of 'gizliklasör_temp.zip.enc'
[2026-05-05 22:30:45] [SUCCESS] successfully encrypted target: 'gizliklasör'
[2026-05-05 22:30:46] [SUCCESS] ls: successfully listed contents of '.'
[2026-05-05 22:31:13] [SUCCESS] successfully decrypted target: 'gizliklasör.zip.enc'
[2026-05-05 22:31:17] [SUCCESS] ls: successfully listed contents of '.'
[2026-05-05 22:31:40] [ERROR  ] failed to decrypt target: 'gizliklasör.zip' -> decrypt: valid encrypted file not found: gizliklasör.zip
[2026-05-05 22:38:10] [SUCCESS] cd: successfully changed directory to 'C:\Users\ders\downloads\extensive file manager'
[2026-05-05 22:38:21] [SUCCESS] cd: successfully changed directory to 'C:\Users\ders\downloads\extensive file manager\extensive file manager'
[2026-05-05 22:38:23] [SUCCESS] ls: successfully listed contents of '.'
[2026-05-05 22:38:25] [SUCCESS] cd: successfully changed directory to 'C:\Users\ders\downloads\extensive file manager'
[2026-05-05 22:38:26] [SUCCESS] ls: successfully listed contents of '.'
[2026-05-05 22:38:47] [SUCCESS] rm: successfully processed removal of 'Extensive File Manager.zip'
[2026-05-05 22:38:49] [SUCCESS] ls: successfully listed contents of '.'
[2026-05-07 15:20:35] [SUCCESS] ls: successfully listed contents of '.'
[2026-05-07 15:24:42] [SUCCESS] touch: created empty file 'deneme.txt'
[2026-05-07 15:24:43] [SUCCESS] ls: successfully listed contents of '.'
[2026-05-07 15:24:56] [SUCCESS] open: file opened: deneme.txt
[2026-05-07 15:25:33] [INFO   ] help: command information displayed.
[2026-05-07 15:25:35] [INFO   ] help: command information displayed.
[2026-05-07 15:29:50] [SUCCESS] mkdir: created directory 'klasör'
[2026-05-07 15:29:53] [SUCCESS] cd: successfully changed directory to 'C:\Users\ders\klasör'
[2026-05-07 15:29:58] [SUCCESS] touch: created empty file 'dosya1'
[2026-05-07 15:30:01] [SUCCESS] touch: created empty file 'dosya2'
[2026-05-07 15:30:03] [SUCCESS] cd: successfully changed directory to 'C:\Users\ders'
[2026-05-07 15:30:08] [ERROR  ] rm: cannot remove 'klasör': Is a directory
[2026-05-07 15:30:32] [SUCCESS] ls: successfully listed contents of '.'
[2026-05-07 15:30:49] [ERROR  ] rm: cannot remove 'klasör': Directory not empty
[2026-05-07 15:31:07] [SUCCESS] ls: successfully listed contents of 'klasör'
[2026-05-07 15:31:20] [ERROR  ] rm: cannot remove 'klasör': Is a directory
[2026-05-07 15:31:24] [SUCCESS] rm: successfully processed removal of 'klasör'
[2026-05-07 15:50:50] [SUCCESS] mkdir: created directory 'klasör'
[2026-05-07 15:50:55] [ERROR  ] mkdir: cannot create directory 'klasör': File exists
[2026-05-07 15:51:02] [SUCCESS] cd: successfully changed directory to 'C:\Users\ders\klasör'
[2026-05-07 15:51:05] [SUCCESS] touch: created empty file 'd1'
[2026-05-07 15:51:08] [SUCCESS] touch: created empty file 'd2'
[2026-05-07 15:51:11] [SUCCESS] cd: successfully changed directory to 'C:\Users\ders'
[2026-05-07 15:51:49] [SUCCESS] successfully encrypted target: 'klasör'
[2026-05-07 15:51:52] [SUCCESS] ls: successfully listed contents of '.'
[2026-05-07 16:27:33] [SUCCESS] touch: created empty file 'pdf.pdf'
[2026-05-07 16:27:46] [ERROR  ] convert: convert: unsupported file format. cannot convert 'pdf' to 'asd'.
[2026-05-07 16:28:03] [ERROR  ] convert: document conversion failed -> Error: End-of-File, expected line at offset 0
[2026-05-07 16:28:16] [SUCCESS] open: file opened: pdf.pdf
[2026-05-07 16:28:37] [SUCCESS] rm: successfully processed removal of 'pdf.pdf'
[2026-05-07 16:28:40] [SUCCESS] ls: successfully listed contents of '.'
[2026-05-07 16:28:49] [ERROR  ] rm: cannot remove 'klasör': Is a directory
[2026-05-07 16:28:55] [SUCCESS] rm: successfully processed removal of 'klasör.zip.enc'
[2026-05-07 16:28:58] [SUCCESS] ls: successfully listed contents of '.'
[2026-05-07 16:29:03] [SUCCESS] rm: successfully processed removal of 'deneme.txt'
[2026-05-07 16:29:06] [SUCCESS] cd: successfully changed directory to 'C:\Users\ders\downloads'
[2026-05-07 16:29:07] [SUCCESS] ls: successfully listed contents of '.'
[2026-05-07 16:29:15] [SUCCESS] touch: created empty file 'deneme.pdf'
[2026-05-07 16:29:27] [ERROR  ] convert: document conversion failed -> Error: End-of-File, expected line at offset 0
[2026-05-07 16:29:53] [ERROR  ] rm: cannot remove 'deneme.pdf': No such file or directory
[2026-05-07 16:29:57] [SUCCESS] touch: created empty file 'deneme.txt'
[2026-05-07 16:30:11] [SUCCESS] convert: successfully converted TXT to PDF: 'deneme.pdf'
[2026-05-07 16:30:15] [SUCCESS] open: file opened: deneme.pdf
[2026-05-07 16:30:25] [SUCCESS] convert: successfully converted PDF to DOCX: 'deneme.docx'
[2026-05-07 16:31:34] [SUCCESS] ls: successfully listed contents of '.'
[2026-05-07 16:31:47] [ERROR  ] open: file does not exist: deneme.ocx
[2026-05-07 16:31:52] [SUCCESS] open: file opened: deneme.docx
[2026-05-07 16:32:08] [SUCCESS] convert: successfully converted PDF to DOCX: 'deneme.docx'
[2026-05-07 16:41:33] [SUCCESS] ls: successfully listed contents of '.'
[2026-05-07 16:41:43] [SUCCESS] convert: successfully converted PDF to DOCX: 'deneme.docx'
[2026-05-07 16:44:09] [SUCCESS] cd: successfully changed directory to 'C:\Users\ders\downloads'
[2026-05-07 16:44:12] [SUCCESS] ls: successfully listed contents of '.'
[2026-05-07 16:44:20] [ERROR  ] convert: convert: conversion aborted. target file already exists: 'deneme.docx'.
[2026-05-07 16:44:31] [SUCCESS] convert: successfully converted PDF to DOCX: 'deneme.docx'
[2026-05-07 16:46:15] [SUCCESS] mkdir: created directory 'klasör'
[2026-05-07 16:46:16] [SUCCESS] ls: successfully listed contents of '.'
[2026-05-07 16:46:32] [SUCCESS] zip: successfully compressed to 'klasör.zip'
[2026-05-07 16:46:33] [SUCCESS] ls: successfully listed contents of '.'
[2026-05-07 16:46:36] [ERROR  ] zip: zip: compression aborted. archive already exists: 'klasör.zip'.
[2026-05-07 16:46:45] [ERROR  ] unzip: unzip: valid ZIP archive not found: klasör
[2026-05-07 16:46:50] [SUCCESS] unzip: successfully extracted to 'klasör'
[2026-05-07 16:46:57] [SUCCESS] cd: successfully changed directory to 'C:\Users\ders\downloads\klasör'
[2026-05-07 16:47:00] [SUCCESS] ls: successfully listed contents of '.'
[2026-05-07 18:04:02] [SUCCESS] cd: successfully changed directory to 'C:\Users\ders\downloads'
[2026-05-07 18:04:02] [SUCCESS] ls: successfully listed contents of '.'
[2026-05-07 18:04:07] [SUCCESS] rm: moved to trash: 'deneme.docx'
[2026-05-07 18:04:11] [SUCCESS] rm: moved to trash: 'deneme.pdf'
[2026-05-07 18:04:15] [SUCCESS] rm: moved to trash: 'deneme.txt'
[2026-05-07 18:04:18] [SUCCESS] ls: successfully listed contents of '.'
[2026-05-07 18:05:26] [ERROR  ] rm: cannot remove 'klasör': Is a directory
[2026-05-07 18:05:31] [SUCCESS] rm: moved to trash: 'klasör'
[2026-05-07 18:06:17] [SUCCESS] ls: successfully listed contents of '.'
[2026-05-07 18:06:29] [SUCCESS] rm: moved to trash: 'klasör.zip'
[2026-05-07 18:07:12] [SUCCESS] cd: successfully changed directory to 'C:\Users\ders'
[2026-05-07 18:07:15] [SUCCESS] ls: successfully listed contents of '.'
[2026-05-07 18:07:23] [SUCCESS] ls: successfully listed contents of '.'
[2026-05-07 18:07:33] [SUCCESS] cd: successfully changed directory to 'C:\Users\ders\.efm_trash'
[2026-05-07 18:07:35] [SUCCESS] ls: successfully listed contents of '.'
[2026-05-07 18:07:48] [SUCCESS] cd: successfully changed directory to 'C:\Users\ders'
[2026-05-07 18:07:53] [ERROR  ] rm: cannot remove '.efm_trash': Is a directory
[2026-05-07 18:08:01] [ERROR  ] rm: cannot remove 'rf': No such file or directory
[2026-05-07 18:08:10] [ERROR  ] rm: error occurred during removal -> C:\Users\ders\.efm_trash -> C:\Users\ders\.efm_trash\.efm_trash_1778166490971: Parametre hatalı
[2026-05-07 18:08:25] [SUCCESS] cd: successfully changed directory to 'C:\Users\ders\.efm_trash'
[2026-05-07 18:08:27] [SUCCESS] ls: successfully listed contents of '.'
[2026-05-07 18:08:31] [SUCCESS] cd: successfully changed directory to 'C:\Users\ders'
[2026-05-07 18:08:38] [ERROR  ] rm: error occurred during removal -> C:\Users\ders\.efm_trash -> C:\Users\ders\.efm_trash\.efm_trash_1778166518594: Parametre hatalı
[2026-05-07 18:14:40] [SUCCESS] rm: successfully processed removal of '.efm_trash'
[2026-05-16 22:23:16] [INFO   ] help: command information displayed.
[2026-05-16 22:36:53] [INFO   ] help: command information displayed.
[2026-05-16 22:36:53] [SUCCESS] ls: successfully listed contents of '.'
[2026-05-16 22:36:55] [SUCCESS] ls: successfully listed contents of '.'
[2026-05-16 22:37:00] [INFO   ] help: command information displayed.
[2026-05-16 22:37:57] [SUCCESS] ls: successfully listed contents of '.'
[2026-05-16 22:38:20] [SUCCESS] ls: successfully listed contents of '.'
[2026-05-16 22:38:58] [INFO   ] exit: extemsive File Manager has been terminated.
[2026-05-16 22:39:07] [SUCCESS] ls: successfully listed contents of '.'
[2026-05-16 22:39:13] [INFO   ] exit: extemsive File Manager has been terminated.
[2026-05-16 22:39:27] [SUCCESS] ls: successfully listed contents of '.'
[2026-05-16 22:39:28] [INFO   ] help: command information displayed.
[2026-05-16 22:39:32] [SUCCESS] ls: successfully listed contents of '.'
[2026-05-16 22:39:43] [SUCCESS] ls: successfully listed contents of '.'
[2026-05-16 22:40:32] [INFO   ] exit: extemsive File Manager has been terminated.
[2026-05-16 22:43:48] [INFO   ] exit: extemsive File Manager has been terminated.
